###############################################################################
#                                                                             #
# IAR C/C++ Compiler V8.10.3.10338/W32 for 8051         20/Apr/2026  15:52:34 #
# Copyright 2004-2011 IAR Systems AB.                                         #
#                                                                             #
#    Core               =  plain                                              #
#    Code model         =  banked                                             #
#    Data model         =  large                                              #
#    Calling convention =  xdata reentrant                                    #
#    Constant location  =  data                                               #
#    Dptr setup         =  1,16                                               #
#    Source file        =  D:\ZNJJ\ZStack-CC2530-2.5.1a\Projects\zstack\Sampl #
#                          es\ZbNode\Source\OSAL_ZbNode.c                     #
#    Command line       =  -f D:\ZNJJ\ZStack-CC2530-2.5.1a\Projects\zstack\Sa #
#                          mples\ZbNode\CC2530DB\..\..\..\Tools\CC2530DB\f8wE #
#                          ndev.cfg (-DCPU32MHZ -DROOT=__near_func            #
#                          -DMAC_CFG_TX_DATA_MAX=3 -DMAC_CFG_TX_MAX=6         #
#                          -DMAC_CFG_RX_MAX=3) -f D:\ZNJJ\ZStack-CC2530-2.5.1 #
#                          a\Projects\zstack\Samples\ZbNode\CC2530DB\..\..\.. #
#                          \Tools\CC2530DB\f8wConfig.cfg (-DZIGBEEPRO         #
#                          -DSECURE=0 -DZG_SECURE_DYNAMIC=0 -DREFLECTOR       #
#                          -DDEFAULT_CHANLIST=0x00000800                      #
#                          -DZDAPP_CONFIG_PAN_ID=0xFFFF                       #
#                          -DNWK_START_DELAY=100 -DEXTENDED_JOINING_RANDOM_MA #
#                          SK=0x007F -DBEACON_REQUEST_DELAY=100               #
#                          -DBEACON_REQ_DELAY_MASK=0x00FF                     #
#                          -DLINK_STATUS_JITTER_MASK=0x007F                   #
#                          -DROUTE_EXPIRY_TIME=30 -DAPSC_ACK_WAIT_DURATION_PO #
#                          LLED=3000 -DNWK_INDIRECT_MSG_TIMEOUT=7             #
#                          -DMAX_RREQ_ENTRIES=8 -DAPSC_MAX_FRAME_RETRIES=3    #
#                          -DNWK_MAX_DATA_RETRIES=2                           #
#                          -DMAX_POLL_FAILURE_RETRIES=2 -DMAX_BCAST=9         #
#                          -DAPS_MAX_GROUPS=16 -DMAX_RTG_ENTRIES=40           #
#                          -DNWK_MAX_BINDING_ENTRIES=4                        #
#                          -DMAX_BINDING_CLUSTER_IDS=4 "-DDEFAULT_KEY={0x01,  #
#                          0x03, 0x05, 0x07, 0x09, 0x0B, 0x0D, 0x0F, 0x00,    #
#                          0x02, 0x04, 0x06, 0x08, 0x0A, 0x0C, 0x0D}"         #
#                          -DMAC_MAX_FRAME_SIZE=116                           #
#                          -DZDNWKMGR_MIN_TRANSMISSIONS=20 "-DCONST=const     #
#                          __code" -DGENERIC=__generic                        #
#                          -DRFD_RCVC_ALWAYS_ON=FALSE -DPOLL_RATE=1000        #
#                          -DQUEUED_POLL_RATE=100 -DRESPONSE_POLL_RATE=100)   #
#                          -DREJOIN_POLL_RATE=440 D:\ZNJJ\ZStack-CC2530-2.5.1 #
#                          a\Projects\zstack\Samples\ZbNode\Source\OSAL_ZbNod #
#                          e.c -D NWK_AUTO_POLL -D NODE_ROLE=2 -D             #
#                          HAL_UART=TRUE -D HAL_LCD=FALSE -lC                 #
#                          D:\ZNJJ\ZStack-CC2530-2.5.1a\Projects\zstack\Sampl #
#                          es\ZbNode\CC2530DB\Node2_EndDeviceEB\List\ -lA     #
#                          D:\ZNJJ\ZStack-CC2530-2.5.1a\Projects\zstack\Sampl #
#                          es\ZbNode\CC2530DB\Node2_EndDeviceEB\List\         #
#                          --diag_suppress Pe001,Pa010 -o                     #
#                          D:\ZNJJ\ZStack-CC2530-2.5.1a\Projects\zstack\Sampl #
#                          es\ZbNode\CC2530DB\Node2_EndDeviceEB\Obj\ -e       #
#                          --no_code_motion --debug --core=plain --dptr=16,1  #
#                          --data_model=large --code_model=banked             #
#                          --calling_convention=xdata_reentrant               #
#                          --place_constants=data --nr_virtual_regs 16 -I     #
#                          D:\ZNJJ\ZStack-CC2530-2.5.1a\Projects\zstack\Sampl #
#                          es\ZbNode\CC2530DB\ -I D:\ZNJJ\ZStack-CC2530-2.5.1 #
#                          a\Projects\zstack\Samples\ZbNode\CC2530DB\..\Sourc #
#                          e\ -I D:\ZNJJ\ZStack-CC2530-2.5.1a\Projects\zstack #
#                          \Samples\ZbNode\CC2530DB\..\..\..\ZMain\TI2530DB\  #
#                          -I D:\ZNJJ\ZStack-CC2530-2.5.1a\Projects\zstack\Sa #
#                          mples\ZbNode\CC2530DB\..\..\..\..\..\Components\ha #
#                          l\include\ -I D:\ZNJJ\ZStack-CC2530-2.5.1a\Project #
#                          s\zstack\Samples\ZbNode\CC2530DB\..\..\..\..\..\Co #
#                          mponents\hal\target\CC2530EB\ -I                   #
#                          D:\ZNJJ\ZStack-CC2530-2.5.1a\Projects\zstack\Sampl #
#                          es\ZbNode\CC2530DB\..\..\..\..\..\Components\mac\i #
#                          nclude\ -I D:\ZNJJ\ZStack-CC2530-2.5.1a\Projects\z #
#                          stack\Samples\ZbNode\CC2530DB\..\..\..\..\..\Compo #
#                          nents\mac\high_level\ -I                           #
#                          D:\ZNJJ\ZStack-CC2530-2.5.1a\Projects\zstack\Sampl #
#                          es\ZbNode\CC2530DB\..\..\..\..\..\Components\mac\l #
#                          ow_level\srf04\ -I D:\ZNJJ\ZStack-CC2530-2.5.1a\Pr #
#                          ojects\zstack\Samples\ZbNode\CC2530DB\..\..\..\..\ #
#                          ..\Components\mac\low_level\srf04\single_chip\ -I  #
#                          D:\ZNJJ\ZStack-CC2530-2.5.1a\Projects\zstack\Sampl #
#                          es\ZbNode\CC2530DB\..\..\..\..\..\Components\mt\   #
#                          -I D:\ZNJJ\ZStack-CC2530-2.5.1a\Projects\zstack\Sa #
#                          mples\ZbNode\CC2530DB\..\..\..\..\..\Components\os #
#                          al\include\ -I D:\ZNJJ\ZStack-CC2530-2.5.1a\Projec #
#                          ts\zstack\Samples\ZbNode\CC2530DB\..\..\..\..\..\C #
#                          omponents\services\saddr\ -I                       #
#                          D:\ZNJJ\ZStack-CC2530-2.5.1a\Projects\zstack\Sampl #
#                          es\ZbNode\CC2530DB\..\..\..\..\..\Components\servi #
#                          ces\sdata\ -I D:\ZNJJ\ZStack-CC2530-2.5.1a\Project #
#                          s\zstack\Samples\ZbNode\CC2530DB\..\..\..\..\..\Co #
#                          mponents\stack\af\ -I D:\ZNJJ\ZStack-CC2530-2.5.1a #
#                          \Projects\zstack\Samples\ZbNode\CC2530DB\..\..\..\ #
#                          ..\..\Components\stack\nwk\ -I                     #
#                          D:\ZNJJ\ZStack-CC2530-2.5.1a\Projects\zstack\Sampl #
#                          es\ZbNode\CC2530DB\..\..\..\..\..\Components\stack #
#                          \sapi\ -I D:\ZNJJ\ZStack-CC2530-2.5.1a\Projects\zs #
#                          tack\Samples\ZbNode\CC2530DB\..\..\..\..\..\Compon #
#                          ents\stack\sec\ -I D:\ZNJJ\ZStack-CC2530-2.5.1a\Pr #
#                          ojects\zstack\Samples\ZbNode\CC2530DB\..\..\..\..\ #
#                          ..\Components\stack\sys\ -I                        #
#                          D:\ZNJJ\ZStack-CC2530-2.5.1a\Projects\zstack\Sampl #
#                          es\ZbNode\CC2530DB\..\..\..\..\..\Components\stack #
#                          \zdo\ -I D:\ZNJJ\ZStack-CC2530-2.5.1a\Projects\zst #
#                          ack\Samples\ZbNode\CC2530DB\..\..\..\..\..\Compone #
#                          nts\zmac\ -I D:\ZNJJ\ZStack-CC2530-2.5.1a\Projects #
#                          \zstack\Samples\ZbNode\CC2530DB\..\..\..\..\..\Com #
#                          ponents\zmac\f8w\ -Ohz --require_prototypes        #
#    List file          =  D:\ZNJJ\ZStack-CC2530-2.5.1a\Projects\zstack\Sampl #
#                          es\ZbNode\CC2530DB\Node2_EndDeviceEB\List\OSAL_ZbN #
#                          ode.lst                                            #
#    Object file        =  D:\ZNJJ\ZStack-CC2530-2.5.1a\Projects\zstack\Sampl #
#                          es\ZbNode\CC2530DB\Node2_EndDeviceEB\Obj\OSAL_ZbNo #
#                          de.r51                                             #
#                                                                             #
#                                                                             #
###############################################################################

D:\ZNJJ\ZStack-CC2530-2.5.1a\Projects\zstack\Samples\ZbNode\Source\OSAL_ZbNode.c
      1          /* OSAL 任务注册（Node 角色 = Router） */
                                                                 ^
Warning[Pa050]: non-native end of line sequence detected (this diagnostic is
          only issued once)
      2          
      3          #include "ZComDef.h"
      4          #include "hal_drivers.h"
      5          #include "OSAL.h"
      6          #include "OSAL_Tasks.h"
      7          #include "nwk.h"
      8          #include "APS.h"
      9          #include "ZDApp.h"
     10          #if defined ( ZIGBEE_FRAGMENTATION )
     11            #include "aps_frag.h"
     12          #endif
     13          #include "zb_node.h"
     14          

   \                                 In  segment XDATA_I, align 1, keep-with-next
     15          const pTaskEventHandlerFn tasksArr[] = {
   \                     tasksArr:
   \   000000                DS 14
   \   00000E                REQUIRE `?<Initializer for tasksArr>`
   \   00000E                REQUIRE __INIT_XDATA_I
     16            macEventLoop,
     17            nwk_event_loop,
     18            Hal_ProcessEvent,
     19            APS_event_loop,
     20          #if defined ( ZIGBEE_FRAGMENTATION )
     21            APSF_ProcessEvent,
     22          #endif
     23            ZDApp_event_loop,
     24            ZbNode_ProcessEvent
     25          };
     26          

   \                                 In  segment XDATA_I, align 1, keep-with-next
     27          const uint8 tasksCnt = sizeof( tasksArr ) / sizeof( tasksArr[0] );
   \                     tasksCnt:
   \   000000                DS 1
   \   000001                REQUIRE `?<Initializer for tasksCnt>`
   \   000001                REQUIRE __INIT_XDATA_I

   \                                 In  segment XDATA_Z, align 1, keep-with-next
     28          uint16 *tasksEvents;
   \                     tasksEvents:
   \   000000                DS 2
   \   000002                REQUIRE __INIT_XDATA_Z
     29          

   \                                 In  segment BANKED_CODE, align 1, keep-with-next
     30          void osalInitTasks( void )
   \                     osalInitTasks:
     31          {
   \   000000   C082         PUSH    DPL
   \   000002   C083         PUSH    DPH
   \   000004                ; Saved register size: 2
   \   000004                ; Auto size: 0
     32            uint8 taskID = 0;
     33            tasksEvents = (uint16 *)osal_mem_alloc( sizeof( uint16 ) * tasksCnt);
   \   000004                ; Setup parameters for call to function osal_mem_alloc
   \   000004   7A0E         MOV     R2,#0xe
   \   000006   7B00         MOV     R3,#0x0
   \   000008   12....       LCALL   ??osal_mem_alloc?relay
   \   00000B   90....       MOV     DPTR,#tasksEvents
   \   00000E   EA           MOV     A,R2
   \   00000F   F0           MOVX    @DPTR,A
   \   000010   A3           INC     DPTR
   \   000011   EB           MOV     A,R3
   \   000012   F0           MOVX    @DPTR,A
     34            osal_memset( tasksEvents, 0, (sizeof( uint16 ) * tasksCnt));
   \   000013                ; Setup parameters for call to function osal_memset
   \   000013   7C0E         MOV     R4,#0xe
   \   000015   7D00         MOV     R5,#0x0
   \   000017   7900         MOV     R1,#0x0
   \   000019   12....       LCALL   ??osal_memset?relay
     35          
     36            macTaskInit( taskID++ );
   \   00001C                ; Setup parameters for call to function macTaskInit
   \   00001C   7900         MOV     R1,#0x0
   \   00001E   12....       LCALL   ??macTaskInit?relay
     37            nwk_init( taskID++ );
   \   000021                ; Setup parameters for call to function nwk_init
   \   000021   7901         MOV     R1,#0x1
   \   000023   12....       LCALL   ??nwk_init?relay
     38            Hal_Init( taskID++ );
   \   000026                ; Setup parameters for call to function Hal_Init
   \   000026   7902         MOV     R1,#0x2
   \   000028   12....       LCALL   ??Hal_Init?relay
     39            APS_Init( taskID++ );
   \   00002B                ; Setup parameters for call to function APS_Init
   \   00002B   7903         MOV     R1,#0x3
   \   00002D   12....       LCALL   ??APS_Init?relay
     40          #if defined ( ZIGBEE_FRAGMENTATION )
     41            APSF_Init( taskID++ );
   \   000030                ; Setup parameters for call to function APSF_Init
   \   000030   7904         MOV     R1,#0x4
   \   000032   12....       LCALL   ??APSF_Init?relay
     42          #endif
     43            ZbNode_PreInit();
   \   000035                ; Setup parameters for call to function ZbNode_PreInit
   \   000035   12....       LCALL   ??ZbNode_PreInit?relay
     44            ZDApp_Init( taskID++ );
   \   000038                ; Setup parameters for call to function ZDApp_Init
   \   000038   7905         MOV     R1,#0x5
   \   00003A   12....       LCALL   ??ZDApp_Init?relay
     45            ZbNode_Init( taskID );
   \   00003D                ; Setup parameters for call to function ZbNode_Init
   \   00003D   7906         MOV     R1,#0x6
   \   00003F   12....       LCALL   ??ZbNode_Init?relay
     46          }
   \   000042   D083         POP     DPH
   \   000044   D082         POP     DPL
   \   000046   02....       LJMP    ?BRET

   \                                 In  segment XDATA_ID, align 1, keep-with-next
   \                     `?<Initializer for tasksArr>`:
   \   000000   ....         DW ??macEventLoop?relay
   \   000002   ....         DW ??nwk_event_loop?relay
   \   000004   ....         DW ??Hal_ProcessEvent?relay
   \   000006   ....         DW ??APS_event_loop?relay
   \   000008   ....         DW ??APSF_ProcessEvent?relay
   \   00000A   ....         DW ??ZDApp_event_loop?relay
   \   00000C   ....         DW ??ZbNode_ProcessEvent?relay

   \                                 In  segment XDATA_ID, align 1, keep-with-next
   \                     `?<Initializer for tasksCnt>`:
   \   000000   07           DB 7

   \                                 In  segment BANK_RELAYS, align 1
   \                     ??osalInitTasks?relay:
   \   000000   12....       LCALL   ?BDISPATCH
   \   000003   ......       DC24    osalInitTasks

   Maximum stack usage in bytes:

     Function            ISTACK PSTACK XSTACK
     --------            ------ ------ ------
     osalInitTasks           2      0      0
       -> osal_mem_alloc     4      0      0
       -> osal_memset        4      0      0
       -> macTaskInit        4      0      0
       -> nwk_init           4      0      0
       -> Hal_Init           4      0      0
       -> APS_Init           4      0      0
       -> APSF_Init          4      0      0
       -> ZbNode_PreInit     4      0      0
       -> ZDApp_Init         4      0      0
       -> ZbNode_Init        4      0      0


   Segment part sizes:

     Function/Label              Bytes
     --------------              -----
     tasksArr                      14
     tasksCnt                       1
     tasksEvents                    2
     osalInitTasks                 73
     ?<Initializer for tasksArr>   14
     ?<Initializer for tasksCnt>    1
     ??osalInitTasks?relay          6

 
 73 bytes in segment BANKED_CODE
  6 bytes in segment BANK_RELAYS
 15 bytes in segment XDATA_I
 15 bytes in segment XDATA_ID
  2 bytes in segment XDATA_Z
 
 94 bytes of CODE  memory
 17 bytes of XDATA memory

Errors: none
Warnings: 1
